2022-05-29 15:30:55,502  INFO [main] AAA:33 - driver open
2022-05-29 15:30:56,901  INFO [main] AAA:37 - Url open
2022-05-29 15:30:57,651  INFO [main] AAA:43 - user name is send
2022-05-29 15:30:58,358  INFO [main] AAA:46 - password is send
2022-05-29 15:31:03,133  INFO [main] AAA:49 - login succesfully
2022-05-29 15:31:08,024  INFO [main] AAA:59 - menu button clicked
2022-05-29 15:31:09,131  INFO [main] AAA:62 - log out
2022-05-29 15:31:09,532  INFO [main] AAA:71 - browser closed
2022-05-29 15:31:11,010  INFO [main] AAA:33 - driver open
2022-05-29 15:31:14,106  INFO [main] AAA:37 - Url open
2022-05-29 15:31:14,704  INFO [main] AAA:43 - user name is send
2022-05-29 15:31:15,393  INFO [main] AAA:46 - password is send
2022-05-29 15:31:16,394  INFO [main] AAA:49 - login succesfully
2022-05-29 15:31:24,370  INFO [main] AAA:59 - menu button clicked
2022-05-29 15:31:25,728  INFO [main] AAA:62 - log out
2022-05-29 15:31:26,802  INFO [main] AAA:71 - browser closed
2022-05-29 15:31:29,761  INFO [main] AAA:33 - driver open
2022-05-29 15:31:31,177  INFO [main] AAA:37 - Url open
2022-05-29 15:31:31,525  INFO [main] AAA:43 - user name is send
2022-05-29 15:31:32,402  INFO [main] AAA:46 - password is send
2022-05-29 15:31:33,342  INFO [main] AAA:49 - login succesfully
2022-05-29 15:31:42,752  INFO [main] AAA:59 - menu button clicked
2022-05-29 15:31:43,883  INFO [main] AAA:62 - log out
2022-05-29 15:31:44,337  INFO [main] AAA:71 - browser closed
2022-05-29 15:31:46,854  INFO [main] AAA:33 - driver open
2022-05-29 15:31:51,870  INFO [main] AAA:37 - Url open
2022-05-29 15:31:53,087  INFO [main] AAA:43 - user name is send
2022-05-29 15:31:54,233  INFO [main] AAA:46 - password is send
2022-05-29 15:32:00,031  INFO [main] AAA:49 - login succesfully
2022-05-29 15:32:05,183  INFO [main] AAA:59 - menu button clicked
2022-05-29 15:32:06,322  INFO [main] AAA:62 - log out
2022-05-29 15:32:07,256  INFO [main] AAA:71 - browser closed
2022-05-29 15:32:12,859  INFO [main] AAA:33 - driver open
2022-05-29 15:32:16,818  INFO [main] AAA:37 - Url open
2022-05-29 15:32:17,793  INFO [main] AAA:43 - user name is send
2022-05-29 15:32:18,525  INFO [main] AAA:46 - password is send
2022-05-29 15:32:19,641  INFO [main] AAA:49 - login succesfully
2022-05-29 15:32:22,965  INFO [main] AAA:59 - menu button clicked
2022-05-29 15:32:24,398  INFO [main] AAA:62 - log out
2022-05-29 15:32:25,416  INFO [main] AAA:71 - browser closed
2022-05-29 15:32:30,388  INFO [main] AAA:33 - driver open
2022-05-29 15:32:34,465  INFO [main] AAA:37 - Url open
2022-05-29 15:32:35,241  INFO [main] AAA:43 - user name is send
2022-05-29 15:32:35,895  INFO [main] AAA:46 - password is send
2022-05-29 15:32:39,201  INFO [main] AAA:49 - login succesfully
2022-05-29 15:32:48,325  INFO [main] AAA:59 - menu button clicked
2022-05-29 15:32:49,793  INFO [main] AAA:62 - log out
2022-05-29 15:32:52,177  INFO [main] AAA:71 - browser closed
2022-05-29 15:32:57,548  INFO [main] AAA:33 - driver open
2022-05-29 15:33:01,445  INFO [main] AAA:37 - Url open
2022-05-29 15:33:02,806  INFO [main] AAA:43 - user name is send
2022-05-29 15:33:03,706  INFO [main] AAA:46 - password is send
2022-05-29 15:33:04,067  INFO [main] AAA:49 - login succesfully
2022-05-29 15:33:09,938  INFO [main] AAA:59 - menu button clicked
2022-05-29 15:33:11,310  INFO [main] AAA:62 - log out
2022-05-29 15:33:12,662  INFO [main] AAA:71 - browser closed
2022-05-29 15:59:55,725  INFO [main] AAA:33 - driver open
2022-05-29 15:59:57,603  INFO [main] AAA:37 - Url open
2022-05-29 15:59:58,767  INFO [main] AAA:43 - user name is send
2022-05-29 15:59:59,389  INFO [main] AAA:46 - password is send
2022-05-29 16:00:00,251  INFO [main] AAA:49 - login succesfully
2022-05-29 16:00:02,348  INFO [main] AAA:59 - menu button clicked
2022-05-29 16:00:04,335  INFO [main] AAA:62 - log out
2022-05-29 16:00:05,777  INFO [main] AAA:71 - browser closed
2022-05-29 16:00:08,137  INFO [main] AAA:33 - driver open
2022-05-29 16:00:09,128  INFO [main] AAA:37 - Url open
2022-05-29 16:00:09,402  INFO [main] AAA:43 - user name is send
2022-05-29 16:00:09,704  INFO [main] AAA:46 - password is send
2022-05-29 16:00:12,156  INFO [main] AAA:49 - login succesfully
2022-05-29 16:00:16,721  INFO [main] AAA:59 - menu button clicked
2022-05-29 16:00:17,877  INFO [main] AAA:62 - log out
2022-05-29 16:00:18,213  INFO [main] AAA:71 - browser closed
2022-05-29 16:00:19,769  INFO [main] AAA:33 - driver open
2022-05-29 16:00:21,912  INFO [main] AAA:37 - Url open
2022-05-29 16:00:22,645  INFO [main] AAA:43 - user name is send
2022-05-29 16:00:23,630  INFO [main] AAA:46 - password is send
2022-05-29 16:00:28,493  INFO [main] AAA:49 - login succesfully
2022-05-29 16:00:32,278  INFO [main] AAA:59 - menu button clicked
2022-05-29 16:00:33,396  INFO [main] AAA:62 - log out
2022-05-29 16:00:33,763  INFO [main] AAA:71 - browser closed
2022-05-29 16:00:35,292  INFO [main] AAA:33 - driver open
2022-05-29 16:00:38,328  INFO [main] AAA:37 - Url open
2022-05-29 16:00:39,082  INFO [main] AAA:43 - user name is send
2022-05-29 16:00:39,658  INFO [main] AAA:46 - password is send
2022-05-29 16:00:42,485  INFO [main] AAA:49 - login succesfully
2022-05-29 16:00:47,882  INFO [main] AAA:59 - menu button clicked
2022-05-29 16:00:49,001  INFO [main] AAA:62 - log out
2022-05-29 16:00:49,332  INFO [main] AAA:71 - browser closed
2022-05-29 16:00:51,103  INFO [main] AAA:33 - driver open
2022-05-29 16:00:54,330  INFO [main] AAA:37 - Url open
2022-05-29 16:00:55,007  INFO [main] AAA:43 - user name is send
2022-05-29 16:00:55,630  INFO [main] AAA:46 - password is send
2022-05-29 16:00:56,762  INFO [main] AAA:49 - login succesfully
2022-05-29 16:01:02,546  INFO [main] AAA:59 - menu button clicked
2022-05-29 16:01:03,683  INFO [main] AAA:62 - log out
2022-05-29 16:01:04,029  INFO [main] AAA:71 - browser closed
2022-05-29 16:01:05,288  INFO [main] AAA:33 - driver open
2022-05-29 16:01:06,885  INFO [main] AAA:37 - Url open
2022-05-29 16:01:07,598  INFO [main] AAA:43 - user name is send
2022-05-29 16:01:08,279  INFO [main] AAA:46 - password is send
2022-05-29 16:01:12,134  INFO [main] AAA:49 - login succesfully
2022-05-29 16:01:18,630  INFO [main] AAA:59 - menu button clicked
2022-05-29 16:01:19,907  INFO [main] AAA:62 - log out
2022-05-29 16:01:20,715  INFO [main] AAA:71 - browser closed
2022-05-29 16:01:25,972  INFO [main] AAA:33 - driver open
2022-05-29 16:01:28,979  INFO [main] AAA:37 - Url open
2022-05-29 16:01:29,675  INFO [main] AAA:43 - user name is send
2022-05-29 16:01:30,350  INFO [main] AAA:46 - password is send
2022-05-29 16:01:31,529  INFO [main] AAA:49 - login succesfully
2022-05-29 16:01:35,769  INFO [main] AAA:59 - menu button clicked
2022-05-29 16:01:36,907  INFO [main] AAA:62 - log out
2022-05-29 16:01:37,244  INFO [main] AAA:71 - browser closed
